Loading weights:   0%|          | 0/198 [00:00<?, ?it/s]Loading weights: 100%|██████████| 198/198 [00:00<00:00, 38605.07it/s]
[transformers] [1mDebertaV2Model LOAD REPORT[0m from: microsoft/deberta-v3-xsmall
Key                                        | Status     |  | 
-------------------------------------------+------------+--+-
lm_predictions.lm_head.LayerNorm.weight    | UNEXPECTED |  | 
mask_predictions.classifier.bias           | UNEXPECTED |  | 
mask_predictions.LayerNorm.weight          | UNEXPECTED |  | 
lm_predictions.lm_head.dense.weight        | UNEXPECTED |  | 
lm_predictions.lm_head.LayerNorm.bias      | UNEXPECTED |  | 
mask_predictions.dense.weight              | UNEXPECTED |  | 
mask_predictions.dense.bias                | UNEXPECTED |  | 
mask_predictions.LayerNorm.bias            | UNEXPECTED |  | 
lm_predictions.lm_head.bias                | UNEXPECTED |  | 
mask_predictions.classifier.weight         | UNEXPECTED |  | 
deberta.embeddings.word_embeddings._weight | UNEXPECTED |  | 
lm_predictions.lm_head.dense.bias          | UNEXPECTED |  | 

Notes:
- UNEXPECTED:	can be ignored when loading from different task/architecture; not ok if you expect identical arch.
[SLM] training start: device=cpu train_rows=79520 dev_rows=9933 batch_size=2 max_length=128 freeze_backbone=True resume_if_available=True
[SLM] epoch 1/1 start
[SLM] epoch 1 batch 1/39760 loss=10.2402
[SLM] epoch 1 batch 25/39760 loss=10.3528
[SLM] epoch 1 batch 50/39760 loss=9.6424
[SLM] epoch 1 batch 75/39760 loss=10.6736
[SLM] epoch 1 batch 100/39760 loss=8.3630
[SLM] epoch 1 batch 125/39760 loss=8.6179
[SLM] epoch 1 batch 150/39760 loss=8.8584
[SLM] epoch 1 batch 175/39760 loss=9.2050
[SLM] epoch 1 batch 200/39760 loss=8.6383
[SLM] epoch 1 batch 225/39760 loss=8.0756
[SLM] epoch 1 batch 250/39760 loss=7.5285
[SLM] epoch 1 batch 275/39760 loss=7.7973
[SLM] epoch 1 batch 300/39760 loss=8.1609
[SLM] epoch 1 batch 325/39760 loss=7.2391
[SLM] epoch 1 batch 350/39760 loss=6.9049
[SLM] epoch 1 batch 375/39760 loss=6.7730
[SLM] epoch 1 batch 400/39760 loss=6.7645
[SLM] epoch 1 batch 425/39760 loss=6.2130
[SLM] epoch 1 batch 450/39760 loss=8.7909
[SLM] epoch 1 batch 475/39760 loss=6.8632
[SLM] epoch 1 batch 500/39760 loss=6.4089
[SLM] epoch 1 batch 525/39760 loss=8.2594
[SLM] epoch 1 batch 550/39760 loss=6.3094
[SLM] epoch 1 batch 575/39760 loss=5.3903
[SLM] epoch 1 batch 600/39760 loss=7.7162
[SLM] epoch 1 batch 625/39760 loss=6.9805
[SLM] epoch 1 batch 650/39760 loss=6.0102
[SLM] epoch 1 batch 675/39760 loss=5.3541
[SLM] epoch 1 batch 700/39760 loss=5.5844
[SLM] epoch 1 batch 725/39760 loss=5.9452
[SLM] epoch 1 batch 750/39760 loss=5.3044
[SLM] epoch 1 batch 775/39760 loss=5.6522
[SLM] epoch 1 batch 800/39760 loss=24.9178
[SLM] epoch 1 batch 825/39760 loss=5.4407
[SLM] epoch 1 batch 850/39760 loss=5.4874
[SLM] epoch 1 batch 875/39760 loss=5.3656
[SLM] epoch 1 batch 900/39760 loss=5.1949
[SLM] epoch 1 batch 925/39760 loss=5.9756
[SLM] epoch 1 batch 950/39760 loss=7.3834
[SLM] epoch 1 batch 975/39760 loss=5.2175
[SLM] epoch 1 batch 1000/39760 loss=5.2997
[SLM] epoch 1 batch 1025/39760 loss=5.2407
[SLM] epoch 1 batch 1050/39760 loss=5.9567
[SLM] epoch 1 batch 1075/39760 loss=7.2874
[SLM] epoch 1 batch 1100/39760 loss=5.2854
[SLM] epoch 1 batch 1125/39760 loss=4.8533
[SLM] epoch 1 batch 1150/39760 loss=4.8138
[SLM] epoch 1 batch 1175/39760 loss=5.0572
[SLM] epoch 1 batch 1200/39760 loss=5.9525
[SLM] epoch 1 batch 1225/39760 loss=4.6523
[SLM] epoch 1 batch 1250/39760 loss=7.7484
[SLM] epoch 1 batch 1275/39760 loss=4.4772
[SLM] epoch 1 batch 1300/39760 loss=7.4181
[SLM] epoch 1 batch 1325/39760 loss=6.7343
[SLM] epoch 1 batch 1350/39760 loss=5.6328
[SLM] epoch 1 batch 1375/39760 loss=4.9321
[SLM] epoch 1 batch 1400/39760 loss=4.7736
[SLM] epoch 1 batch 1425/39760 loss=5.6843
[SLM] epoch 1 batch 1450/39760 loss=4.4922
[SLM] epoch 1 batch 1475/39760 loss=8.9772
[SLM] epoch 1 batch 1500/39760 loss=4.3279
[SLM] epoch 1 batch 1525/39760 loss=7.8147
[SLM] epoch 1 batch 1550/39760 loss=4.4033
[SLM] epoch 1 batch 1575/39760 loss=4.2129
[SLM] epoch 1 batch 1600/39760 loss=4.5630
[SLM] epoch 1 batch 1625/39760 loss=7.1039
[SLM] epoch 1 batch 1650/39760 loss=4.3721
[SLM] epoch 1 batch 1675/39760 loss=8.1943
[SLM] epoch 1 batch 1700/39760 loss=4.0558
[SLM] epoch 1 batch 1725/39760 loss=4.4565
[SLM] epoch 1 batch 1750/39760 loss=7.6590
[SLM] epoch 1 batch 1775/39760 loss=20.8864
[SLM] epoch 1 batch 1800/39760 loss=4.0171
[SLM] epoch 1 batch 1825/39760 loss=4.1578
[SLM] epoch 1 batch 1850/39760 loss=7.7694
[SLM] epoch 1 batch 1875/39760 loss=4.2116
[SLM] epoch 1 batch 1900/39760 loss=4.1762
[SLM] epoch 1 batch 1925/39760 loss=4.6451
[SLM] epoch 1 batch 1950/39760 loss=4.3233
[SLM] epoch 1 batch 1975/39760 loss=4.3560
[SLM] epoch 1 batch 2000/39760 loss=4.2480
[SLM] epoch 1 batch 2025/39760 loss=4.1346
[SLM] epoch 1 batch 2050/39760 loss=4.5321
[SLM] epoch 1 batch 2075/39760 loss=4.2311
[SLM] epoch 1 batch 2100/39760 loss=4.6525
[SLM] epoch 1 batch 2125/39760 loss=4.3381
[SLM] epoch 1 batch 2150/39760 loss=4.3237
[SLM] epoch 1 batch 2175/39760 loss=4.0899
[SLM] epoch 1 batch 2200/39760 loss=4.4003
[SLM] epoch 1 batch 2225/39760 loss=4.2550
[SLM] epoch 1 batch 2250/39760 loss=8.2978
[SLM] epoch 1 batch 2275/39760 loss=4.1083
[SLM] epoch 1 batch 2300/39760 loss=4.8001
[SLM] epoch 1 batch 2325/39760 loss=4.2237
[SLM] epoch 1 batch 2350/39760 loss=6.6065
[SLM] epoch 1 batch 2375/39760 loss=3.9992
[SLM] epoch 1 batch 2400/39760 loss=4.1391
[SLM] epoch 1 batch 2425/39760 loss=4.2579
[SLM] epoch 1 batch 2450/39760 loss=7.2149
[SLM] epoch 1 batch 2475/39760 loss=4.2093
[SLM] epoch 1 batch 2500/39760 loss=4.3558
[SLM] epoch 1 batch 2525/39760 loss=3.9621
[SLM] epoch 1 batch 2550/39760 loss=4.1484
[SLM] epoch 1 batch 2575/39760 loss=5.9055
[SLM] epoch 1 batch 2600/39760 loss=5.7199
[SLM] epoch 1 batch 2625/39760 loss=5.6066
[SLM] epoch 1 batch 2650/39760 loss=4.2286
[SLM] epoch 1 batch 2675/39760 loss=3.7533
[SLM] epoch 1 batch 2700/39760 loss=8.1302
[SLM] epoch 1 batch 2725/39760 loss=3.6576
[SLM] epoch 1 batch 2750/39760 loss=5.2057
[SLM] epoch 1 batch 2775/39760 loss=3.8800
[SLM] epoch 1 batch 2800/39760 loss=5.0959
[SLM] epoch 1 batch 2825/39760 loss=4.3874
[SLM] epoch 1 batch 2850/39760 loss=3.8523
[SLM] epoch 1 batch 2875/39760 loss=4.8400
[SLM] epoch 1 batch 2900/39760 loss=4.1001
[SLM] epoch 1 batch 2925/39760 loss=7.7334
[SLM] epoch 1 batch 2950/39760 loss=4.1896
[SLM] epoch 1 batch 2975/39760 loss=4.0277
[SLM] epoch 1 batch 3000/39760 loss=3.9340
[SLM] epoch 1 batch 3025/39760 loss=7.6815
[SLM] epoch 1 batch 3050/39760 loss=4.0804
[SLM] epoch 1 batch 3075/39760 loss=3.9909
[SLM] epoch 1 batch 3100/39760 loss=8.6506
[SLM] epoch 1 batch 3125/39760 loss=11.8041
[SLM] epoch 1 batch 3150/39760 loss=3.8519
[SLM] epoch 1 batch 3175/39760 loss=7.2878
[SLM] epoch 1 batch 3200/39760 loss=3.9441
[SLM] epoch 1 batch 3225/39760 loss=6.6014
[SLM] epoch 1 batch 3250/39760 loss=7.2913
[SLM] epoch 1 batch 3275/39760 loss=3.9052
[SLM] epoch 1 batch 3300/39760 loss=7.1739
[SLM] epoch 1 batch 3325/39760 loss=4.1830
[SLM] epoch 1 batch 3350/39760 loss=6.6534
[SLM] epoch 1 batch 3375/39760 loss=5.6302
[SLM] epoch 1 batch 3400/39760 loss=6.6883
[SLM] epoch 1 batch 3425/39760 loss=4.0722
[SLM] epoch 1 batch 3450/39760 loss=4.0140
[SLM] epoch 1 batch 3475/39760 loss=4.0357
[SLM] epoch 1 batch 3500/39760 loss=4.0881
[SLM] epoch 1 batch 3525/39760 loss=4.1263
[SLM] epoch 1 batch 3550/39760 loss=5.2494
[SLM] epoch 1 batch 3575/39760 loss=3.9513
[SLM] epoch 1 batch 3600/39760 loss=5.7784
[SLM] epoch 1 batch 3625/39760 loss=4.0488
[SLM] epoch 1 batch 3650/39760 loss=3.8562
[SLM] epoch 1 batch 3675/39760 loss=3.7084
[SLM] epoch 1 batch 3700/39760 loss=24.2339
[SLM] epoch 1 batch 3725/39760 loss=4.1165
[SLM] epoch 1 batch 3750/39760 loss=4.0497
[SLM] epoch 1 batch 3775/39760 loss=3.6613
[SLM] epoch 1 batch 3800/39760 loss=4.0126
[SLM] epoch 1 batch 3825/39760 loss=3.9405
[SLM] epoch 1 batch 3850/39760 loss=3.9179
[SLM] epoch 1 batch 3875/39760 loss=7.2076
[SLM] epoch 1 batch 3900/39760 loss=15.8400
[SLM] epoch 1 batch 3925/39760 loss=4.2597
[SLM] epoch 1 batch 3950/39760 loss=4.0046
[SLM] epoch 1 batch 3975/39760 loss=4.2271
[SLM] epoch 1 batch 4000/39760 loss=7.0589
[SLM] epoch 1 batch 4025/39760 loss=3.9725
[SLM] epoch 1 batch 4050/39760 loss=4.3315
[SLM] epoch 1 batch 4075/39760 loss=5.2396
[SLM] epoch 1 batch 4100/39760 loss=3.9974
[SLM] epoch 1 batch 4125/39760 loss=3.8548
[SLM] epoch 1 batch 4150/39760 loss=4.1550
[SLM] epoch 1 batch 4175/39760 loss=5.3267
[SLM] epoch 1 batch 4200/39760 loss=3.9999
[SLM] epoch 1 batch 4225/39760 loss=7.3736
[SLM] epoch 1 batch 4250/39760 loss=3.6156
[SLM] epoch 1 batch 4275/39760 loss=4.1807
[SLM] epoch 1 batch 4300/39760 loss=3.9244
[SLM] epoch 1 batch 4325/39760 loss=6.6841
[SLM] epoch 1 batch 4350/39760 loss=3.9623
[SLM] epoch 1 batch 4375/39760 loss=7.1095
[SLM] epoch 1 batch 4400/39760 loss=3.6519
[SLM] epoch 1 batch 4425/39760 loss=4.0148
[SLM] epoch 1 batch 4450/39760 loss=15.8720
[SLM] epoch 1 batch 4475/39760 loss=3.6320
[SLM] epoch 1 batch 4500/39760 loss=3.7821
[SLM] epoch 1 batch 4525/39760 loss=4.2564
[SLM] epoch 1 batch 4550/39760 loss=4.2348
[SLM] epoch 1 batch 4575/39760 loss=15.1403
[SLM] epoch 1 batch 4600/39760 loss=14.6946
[SLM] epoch 1 batch 4625/39760 loss=3.5730
[SLM] epoch 1 batch 4650/39760 loss=3.8435
[SLM] epoch 1 batch 4675/39760 loss=3.9841
[SLM] epoch 1 batch 4700/39760 loss=3.9406
[SLM] epoch 1 batch 4725/39760 loss=3.8640
[SLM] epoch 1 batch 4750/39760 loss=8.2884
[SLM] epoch 1 batch 4775/39760 loss=7.3656
[SLM] epoch 1 batch 4800/39760 loss=24.9589
[SLM] epoch 1 batch 4825/39760 loss=7.1864
[SLM] epoch 1 batch 4850/39760 loss=4.0483
[SLM] epoch 1 batch 4875/39760 loss=3.6313
[SLM] epoch 1 batch 4900/39760 loss=4.1866
[SLM] epoch 1 batch 4925/39760 loss=9.0139
[SLM] epoch 1 batch 4950/39760 loss=3.5522
[SLM] epoch 1 batch 4975/39760 loss=4.4336
[SLM] epoch 1 batch 5000/39760 loss=7.5772
[SLM] epoch 1 batch 5025/39760 loss=15.0569
[SLM] epoch 1 batch 5050/39760 loss=3.8405
[SLM] epoch 1 batch 5075/39760 loss=4.4741
[SLM] epoch 1 batch 5100/39760 loss=8.1309
[SLM] epoch 1 batch 5125/39760 loss=4.1457
[SLM] epoch 1 batch 5150/39760 loss=7.9149
[SLM] epoch 1 batch 5175/39760 loss=5.3651
[SLM] epoch 1 batch 5200/39760 loss=16.0070
[SLM] epoch 1 batch 5225/39760 loss=5.6407
[SLM] epoch 1 batch 5250/39760 loss=3.6174
[SLM] epoch 1 batch 5275/39760 loss=3.9231
[SLM] epoch 1 batch 5300/39760 loss=3.6270
[SLM] epoch 1 batch 5325/39760 loss=15.2712
[SLM] epoch 1 batch 5350/39760 loss=4.8328
[SLM] epoch 1 batch 5375/39760 loss=4.0298
[SLM] epoch 1 batch 5400/39760 loss=6.8643
[SLM] epoch 1 batch 5425/39760 loss=4.3257
[SLM] epoch 1 batch 5450/39760 loss=17.7552
[SLM] epoch 1 batch 5475/39760 loss=4.2685
[SLM] epoch 1 batch 5500/39760 loss=3.8077
[SLM] epoch 1 batch 5525/39760 loss=13.5403
[SLM] epoch 1 batch 5550/39760 loss=7.4922
[SLM] epoch 1 batch 5575/39760 loss=23.6871
[SLM] epoch 1 batch 5600/39760 loss=4.1239
[SLM] epoch 1 batch 5625/39760 loss=4.3983
[SLM] epoch 1 batch 5650/39760 loss=20.4976
[SLM] epoch 1 batch 5675/39760 loss=4.9912
[SLM] epoch 1 batch 5700/39760 loss=7.3226
[SLM] epoch 1 batch 5725/39760 loss=7.6452
[SLM] epoch 1 batch 5750/39760 loss=3.5452
[SLM] epoch 1 batch 5775/39760 loss=5.0113
[SLM] epoch 1 batch 5800/39760 loss=7.6986
[SLM] epoch 1 batch 5825/39760 loss=4.0295
[SLM] epoch 1 batch 5850/39760 loss=3.7473
[SLM] epoch 1 batch 5875/39760 loss=22.8225
[SLM] epoch 1 batch 5900/39760 loss=7.3837
[SLM] epoch 1 batch 5925/39760 loss=5.0556
[SLM] epoch 1 batch 5950/39760 loss=7.9813
[SLM] epoch 1 batch 5975/39760 loss=3.9959
[SLM] epoch 1 batch 6000/39760 loss=4.0696
[SLM] epoch 1 batch 6025/39760 loss=7.8965
[SLM] epoch 1 batch 6050/39760 loss=3.8710
[SLM] epoch 1 batch 6075/39760 loss=4.7994
[SLM] epoch 1 batch 6100/39760 loss=4.0315
[SLM] epoch 1 batch 6125/39760 loss=3.9702
[SLM] epoch 1 batch 6150/39760 loss=3.8567
[SLM] epoch 1 batch 6175/39760 loss=3.7072
[SLM] epoch 1 batch 6200/39760 loss=3.9415
[SLM] epoch 1 batch 6225/39760 loss=9.9347
[SLM] epoch 1 batch 6250/39760 loss=4.0334
[SLM] epoch 1 batch 6275/39760 loss=3.7822
[SLM] epoch 1 batch 6300/39760 loss=8.0406
[SLM] epoch 1 batch 6325/39760 loss=3.5047
[SLM] epoch 1 batch 6350/39760 loss=4.0472
[SLM] epoch 1 batch 6375/39760 loss=4.0356
[SLM] epoch 1 batch 6400/39760 loss=6.8852
[SLM] epoch 1 batch 6425/39760 loss=7.1413
[SLM] epoch 1 batch 6450/39760 loss=3.8134
[SLM] epoch 1 batch 6475/39760 loss=3.6548
[SLM] epoch 1 batch 6500/39760 loss=10.3796
[SLM] epoch 1 batch 6525/39760 loss=3.8269
[SLM] epoch 1 batch 6550/39760 loss=4.9585
[SLM] epoch 1 batch 6575/39760 loss=3.6821
[SLM] epoch 1 batch 6600/39760 loss=3.8281
[SLM] epoch 1 batch 6625/39760 loss=3.6515
[SLM] epoch 1 batch 6650/39760 loss=3.8267
[SLM] epoch 1 batch 6675/39760 loss=3.5838
[SLM] epoch 1 batch 6700/39760 loss=3.9236
[SLM] epoch 1 batch 6725/39760 loss=3.9887
[SLM] epoch 1 batch 6750/39760 loss=3.4146
[SLM] epoch 1 batch 6775/39760 loss=4.3153
[SLM] epoch 1 batch 6800/39760 loss=5.5377
[SLM] epoch 1 batch 6825/39760 loss=3.9977
[SLM] epoch 1 batch 6850/39760 loss=14.3694
[SLM] epoch 1 batch 6875/39760 loss=3.5023
[SLM] epoch 1 batch 6900/39760 loss=3.7832
[SLM] epoch 1 batch 6925/39760 loss=7.5744
[SLM] epoch 1 batch 6950/39760 loss=4.0883
[SLM] epoch 1 batch 6975/39760 loss=3.6024
[SLM] epoch 1 batch 7000/39760 loss=16.3861
[SLM] epoch 1 batch 7025/39760 loss=3.8829
[SLM] epoch 1 batch 7050/39760 loss=15.5042
[SLM] epoch 1 batch 7075/39760 loss=3.6731
[SLM] epoch 1 batch 7100/39760 loss=4.2329
[SLM] epoch 1 batch 7125/39760 loss=7.5024
[SLM] epoch 1 batch 7150/39760 loss=9.6118
[SLM] epoch 1 batch 7175/39760 loss=7.3036
[SLM] epoch 1 batch 7200/39760 loss=4.1143
[SLM] epoch 1 batch 7225/39760 loss=9.7781
[SLM] epoch 1 batch 7250/39760 loss=14.9699
[SLM] epoch 1 batch 7275/39760 loss=5.2435
[SLM] epoch 1 batch 7300/39760 loss=10.9826
[SLM] epoch 1 batch 7325/39760 loss=3.5007
[SLM] epoch 1 batch 7350/39760 loss=3.6203
[SLM] epoch 1 batch 7375/39760 loss=7.5124
[SLM] epoch 1 batch 7400/39760 loss=22.6619
[SLM] epoch 1 batch 7425/39760 loss=3.7228
[SLM] epoch 1 batch 7450/39760 loss=4.1460
[SLM] epoch 1 batch 7475/39760 loss=3.2379
[SLM] epoch 1 batch 7500/39760 loss=3.7045
[SLM] epoch 1 batch 7525/39760 loss=4.0128
[SLM] epoch 1 batch 7550/39760 loss=3.7723
[SLM] epoch 1 batch 7575/39760 loss=3.9745
[SLM] epoch 1 batch 7600/39760 loss=4.9791
[SLM] epoch 1 batch 7625/39760 loss=3.7539
[SLM] epoch 1 batch 7650/39760 loss=3.6910
[SLM] epoch 1 batch 7675/39760 loss=4.1449
[SLM] epoch 1 batch 7700/39760 loss=3.9059
[SLM] epoch 1 batch 7725/39760 loss=4.0159
[SLM] epoch 1 batch 7750/39760 loss=4.1057
[SLM] epoch 1 batch 7775/39760 loss=4.3859
[SLM] epoch 1 batch 7800/39760 loss=4.2573
[SLM] epoch 1 batch 7825/39760 loss=18.0839
[SLM] epoch 1 batch 7850/39760 loss=3.6924
[SLM] epoch 1 batch 7875/39760 loss=16.7125
[SLM] epoch 1 batch 7900/39760 loss=3.9941
[SLM] epoch 1 batch 7925/39760 loss=3.4698
[SLM] epoch 1 batch 7950/39760 loss=14.5361
[SLM] epoch 1 batch 7975/39760 loss=3.9691
[SLM] epoch 1 batch 8000/39760 loss=3.8528
[SLM] epoch 1 batch 8025/39760 loss=6.6408
[SLM] epoch 1 batch 8050/39760 loss=8.3722
[SLM] epoch 1 batch 8075/39760 loss=3.5900
[SLM] epoch 1 batch 8100/39760 loss=3.9447
[SLM] epoch 1 batch 8125/39760 loss=3.5637
[SLM] epoch 1 batch 8150/39760 loss=3.6853
[SLM] epoch 1 batch 8175/39760 loss=7.0506
[SLM] epoch 1 batch 8200/39760 loss=7.3152
[SLM] epoch 1 batch 8225/39760 loss=7.9645
[SLM] epoch 1 batch 8250/39760 loss=4.2667
[SLM] epoch 1 batch 8275/39760 loss=3.4764
[SLM] epoch 1 batch 8300/39760 loss=3.9828
[SLM] epoch 1 batch 8325/39760 loss=3.6097
[SLM] epoch 1 batch 8350/39760 loss=7.8829
[SLM] epoch 1 batch 8375/39760 loss=3.9208
[SLM] epoch 1 batch 8400/39760 loss=3.7050
[SLM] epoch 1 batch 8425/39760 loss=3.6598
[SLM] epoch 1 batch 8450/39760 loss=3.8325
[SLM] epoch 1 batch 8475/39760 loss=4.3056
[SLM] epoch 1 batch 8500/39760 loss=5.0299
[SLM] epoch 1 batch 8525/39760 loss=4.0734
[SLM] epoch 1 batch 8550/39760 loss=4.3804
[SLM] epoch 1 batch 8575/39760 loss=15.7244
[SLM] epoch 1 batch 8600/39760 loss=10.9618
[SLM] epoch 1 batch 8625/39760 loss=16.1309
[SLM] epoch 1 batch 8650/39760 loss=4.1047
[SLM] epoch 1 batch 8675/39760 loss=3.3784
[SLM] epoch 1 batch 8700/39760 loss=3.7989
[SLM] epoch 1 batch 8725/39760 loss=4.7785
[SLM] epoch 1 batch 8750/39760 loss=3.8063
[SLM] epoch 1 batch 8775/39760 loss=4.0854
[SLM] epoch 1 batch 8800/39760 loss=7.2256
[SLM] epoch 1 batch 8825/39760 loss=3.9645
[SLM] epoch 1 batch 8850/39760 loss=4.4201
[SLM] epoch 1 batch 8875/39760 loss=5.3098
[SLM] epoch 1 batch 8900/39760 loss=7.5041
[SLM] epoch 1 batch 8925/39760 loss=4.7620
[SLM] epoch 1 batch 8950/39760 loss=3.5444
[SLM] epoch 1 batch 8975/39760 loss=4.5193
[SLM] epoch 1 batch 9000/39760 loss=3.9014
[SLM] epoch 1 batch 9025/39760 loss=3.8014
[SLM] epoch 1 batch 9050/39760 loss=3.7788
[SLM] epoch 1 batch 9075/39760 loss=3.4694
[SLM] epoch 1 batch 9100/39760 loss=4.6846
[SLM] epoch 1 batch 9125/39760 loss=3.3927
[SLM] epoch 1 batch 9150/39760 loss=9.3959
[SLM] epoch 1 batch 9175/39760 loss=4.0294
[SLM] epoch 1 batch 9200/39760 loss=3.8946
[SLM] epoch 1 batch 9225/39760 loss=15.6315
[SLM] epoch 1 batch 9250/39760 loss=4.2203
[SLM] epoch 1 batch 9275/39760 loss=3.7361
[SLM] epoch 1 batch 9300/39760 loss=3.9264
[SLM] epoch 1 batch 9325/39760 loss=4.1509
[SLM] epoch 1 batch 9350/39760 loss=3.5091
[SLM] epoch 1 batch 9375/39760 loss=3.8003
[SLM] epoch 1 batch 9400/39760 loss=4.4463
[SLM] epoch 1 batch 9425/39760 loss=3.8816
[SLM] epoch 1 batch 9450/39760 loss=4.0035
[SLM] epoch 1 batch 9475/39760 loss=4.2701
[SLM] epoch 1 batch 9500/39760 loss=3.9674
[SLM] epoch 1 batch 9525/39760 loss=3.9508
[SLM] epoch 1 batch 9550/39760 loss=7.3896
[SLM] epoch 1 batch 9575/39760 loss=7.0052
[SLM] epoch 1 batch 9600/39760 loss=6.8039
[SLM] epoch 1 batch 9625/39760 loss=3.5765
[SLM] epoch 1 batch 9650/39760 loss=3.3755
[SLM] epoch 1 batch 9675/39760 loss=17.1486
[SLM] epoch 1 batch 9700/39760 loss=5.8299
[SLM] epoch 1 batch 9725/39760 loss=3.4467
[SLM] epoch 1 batch 9750/39760 loss=3.5558
[SLM] epoch 1 batch 9775/39760 loss=3.7909
[SLM] epoch 1 batch 9800/39760 loss=11.0815
[SLM] epoch 1 batch 9825/39760 loss=4.0675
[SLM] epoch 1 batch 9850/39760 loss=5.2572
[SLM] epoch 1 batch 9875/39760 loss=4.1680
[SLM] epoch 1 batch 9900/39760 loss=15.7699
[SLM] epoch 1 batch 9925/39760 loss=5.1552
[SLM] epoch 1 batch 9950/39760 loss=4.2264
[SLM] epoch 1 batch 9975/39760 loss=6.5973
[SLM] epoch 1 batch 10000/39760 loss=7.4046
[SLM] epoch 1 batch 10025/39760 loss=3.8328
[SLM] epoch 1 batch 10050/39760 loss=4.2437
[SLM] epoch 1 batch 10075/39760 loss=7.9254
[SLM] epoch 1 batch 10100/39760 loss=4.7989
[SLM] epoch 1 batch 10125/39760 loss=7.1059
[SLM] epoch 1 batch 10150/39760 loss=6.5248
[SLM] epoch 1 batch 10175/39760 loss=3.6043
[SLM] epoch 1 batch 10200/39760 loss=3.7994
[SLM] epoch 1 batch 10225/39760 loss=3.9691
[SLM] epoch 1 batch 10250/39760 loss=10.4054
[SLM] epoch 1 batch 10275/39760 loss=3.5292
[SLM] epoch 1 batch 10300/39760 loss=3.3791
[SLM] epoch 1 batch 10325/39760 loss=5.0723
[SLM] epoch 1 batch 10350/39760 loss=3.9654
[SLM] epoch 1 batch 10375/39760 loss=5.2416
[SLM] epoch 1 batch 10400/39760 loss=3.7884
[SLM] epoch 1 batch 10425/39760 loss=3.8408
[SLM] epoch 1 batch 10450/39760 loss=4.4738
[SLM] epoch 1 batch 10475/39760 loss=3.3685
[SLM] epoch 1 batch 10500/39760 loss=4.7557
[SLM] epoch 1 batch 10525/39760 loss=3.8654
[SLM] epoch 1 batch 10550/39760 loss=3.5416
[SLM] epoch 1 batch 10575/39760 loss=3.7622
[SLM] epoch 1 batch 10600/39760 loss=10.9169
[SLM] epoch 1 batch 10625/39760 loss=27.0817
[SLM] epoch 1 batch 10650/39760 loss=3.4027
[SLM] epoch 1 batch 10675/39760 loss=8.4395
[SLM] epoch 1 batch 10700/39760 loss=10.3447
[SLM] epoch 1 batch 10725/39760 loss=21.6489
[SLM] epoch 1 batch 10750/39760 loss=3.4503
[SLM] epoch 1 batch 10775/39760 loss=10.3349
[SLM] epoch 1 batch 10800/39760 loss=3.7007
[SLM] epoch 1 batch 10825/39760 loss=3.2516
[SLM] epoch 1 batch 10850/39760 loss=3.7667
[SLM] epoch 1 batch 10875/39760 loss=4.6297
[SLM] epoch 1 batch 10900/39760 loss=3.3816
[SLM] epoch 1 batch 10925/39760 loss=4.0600
[SLM] epoch 1 batch 10950/39760 loss=4.7407
[SLM] epoch 1 batch 10975/39760 loss=4.7195
[SLM] epoch 1 batch 11000/39760 loss=14.5837
[SLM] epoch 1 batch 11025/39760 loss=7.0605
[SLM] epoch 1 batch 11050/39760 loss=4.9742
[SLM] epoch 1 batch 11075/39760 loss=3.5466
[SLM] epoch 1 batch 11100/39760 loss=4.6695
[SLM] epoch 1 batch 11125/39760 loss=6.7295
[SLM] epoch 1 batch 11150/39760 loss=3.9160
[SLM] epoch 1 batch 11175/39760 loss=4.0815
[SLM] epoch 1 batch 11200/39760 loss=4.1893
[SLM] epoch 1 batch 11225/39760 loss=3.9868
[SLM] epoch 1 batch 11250/39760 loss=4.8890
[SLM] epoch 1 batch 11275/39760 loss=3.7044
[SLM] epoch 1 batch 11300/39760 loss=3.0629
[SLM] epoch 1 batch 11325/39760 loss=5.1590
[SLM] epoch 1 batch 11350/39760 loss=3.6937
[SLM] epoch 1 batch 11375/39760 loss=7.5447
[SLM] epoch 1 batch 11400/39760 loss=5.4585
[SLM] epoch 1 batch 11425/39760 loss=5.0340
[SLM] epoch 1 batch 11450/39760 loss=7.3168
[SLM] epoch 1 batch 11475/39760 loss=3.9577
[SLM] epoch 1 batch 11500/39760 loss=3.3590
[SLM] epoch 1 batch 11525/39760 loss=3.9095
[SLM] epoch 1 batch 11550/39760 loss=8.3041
[SLM] epoch 1 batch 11575/39760 loss=6.6860
[SLM] epoch 1 batch 11600/39760 loss=6.2270
[SLM] epoch 1 batch 11625/39760 loss=3.8141
[SLM] epoch 1 batch 11650/39760 loss=3.7528
[SLM] epoch 1 batch 11675/39760 loss=7.7824
[SLM] epoch 1 batch 11700/39760 loss=3.7882
[SLM] epoch 1 batch 11725/39760 loss=3.6036
[SLM] epoch 1 batch 11750/39760 loss=3.3247
[SLM] epoch 1 batch 11775/39760 loss=5.3712
[SLM] epoch 1 batch 11800/39760 loss=14.4845
[SLM] epoch 1 batch 11825/39760 loss=3.5163
[SLM] epoch 1 batch 11850/39760 loss=4.1519
[SLM] epoch 1 batch 11875/39760 loss=5.1702
[SLM] epoch 1 batch 11900/39760 loss=7.2786
[SLM] epoch 1 batch 11925/39760 loss=4.2698
[SLM] epoch 1 batch 11950/39760 loss=3.9481
[SLM] epoch 1 batch 11975/39760 loss=6.0459
[SLM] epoch 1 batch 12000/39760 loss=3.3054
[SLM] epoch 1 batch 12025/39760 loss=12.3174
[SLM] epoch 1 batch 12050/39760 loss=4.1694
[SLM] epoch 1 batch 12075/39760 loss=3.6346
[SLM] epoch 1 batch 12100/39760 loss=16.5840
[SLM] epoch 1 batch 12125/39760 loss=3.6540
[SLM] epoch 1 batch 12150/39760 loss=4.7168
[SLM] epoch 1 batch 12175/39760 loss=25.0821
[SLM] epoch 1 batch 12200/39760 loss=3.7150
[SLM] epoch 1 batch 12225/39760 loss=6.4196
[SLM] epoch 1 batch 12250/39760 loss=3.3177
[SLM] epoch 1 batch 12275/39760 loss=5.0846
[SLM] epoch 1 batch 12300/39760 loss=3.4418
[SLM] epoch 1 batch 12325/39760 loss=3.6327
[SLM] epoch 1 batch 12350/39760 loss=17.8636
[SLM] epoch 1 batch 12375/39760 loss=3.8881
[SLM] epoch 1 batch 12400/39760 loss=11.0495
[SLM] epoch 1 batch 12425/39760 loss=7.1197
[SLM] epoch 1 batch 12450/39760 loss=3.3751
[SLM] epoch 1 batch 12475/39760 loss=4.3386
[SLM] epoch 1 batch 12500/39760 loss=3.5057
[SLM] epoch 1 batch 12525/39760 loss=25.4797
[SLM] epoch 1 batch 12550/39760 loss=3.6411
[SLM] epoch 1 batch 12575/39760 loss=7.5516
[SLM] epoch 1 batch 12600/39760 loss=26.8581
[SLM] epoch 1 batch 12625/39760 loss=3.5144
[SLM] epoch 1 batch 12650/39760 loss=6.2818
[SLM] epoch 1 batch 12675/39760 loss=4.8051
[SLM] epoch 1 batch 12700/39760 loss=7.1940
[SLM] epoch 1 batch 12725/39760 loss=3.7104
[SLM] epoch 1 batch 12750/39760 loss=3.3956
[SLM] epoch 1 batch 12775/39760 loss=3.5342
[SLM] epoch 1 batch 12800/39760 loss=7.2697
[SLM] epoch 1 batch 12825/39760 loss=4.1675
[SLM] epoch 1 batch 12850/39760 loss=3.7804
[SLM] epoch 1 batch 12875/39760 loss=7.6740
[SLM] epoch 1 batch 12900/39760 loss=3.8143
[SLM] epoch 1 batch 12925/39760 loss=3.5947
[SLM] epoch 1 batch 12950/39760 loss=4.5972
[SLM] epoch 1 batch 12975/39760 loss=9.6237
[SLM] epoch 1 batch 13000/39760 loss=7.5024
[SLM] epoch 1 batch 13025/39760 loss=4.0770
[SLM] epoch 1 batch 13050/39760 loss=3.7782
[SLM] epoch 1 batch 13075/39760 loss=3.2743
[SLM] epoch 1 batch 13100/39760 loss=3.6658
[SLM] epoch 1 batch 13125/39760 loss=16.1108
[SLM] epoch 1 batch 13150/39760 loss=3.6837
[SLM] epoch 1 batch 13175/39760 loss=3.5977
[SLM] epoch 1 batch 13200/39760 loss=3.8497
[SLM] epoch 1 batch 13225/39760 loss=6.1552
[SLM] epoch 1 batch 13250/39760 loss=4.1870
[SLM] epoch 1 batch 13275/39760 loss=8.1935
[SLM] epoch 1 batch 13300/39760 loss=3.9284
[SLM] epoch 1 batch 13325/39760 loss=3.3396
[SLM] epoch 1 batch 13350/39760 loss=3.2272
[SLM] epoch 1 batch 13375/39760 loss=4.5503
[SLM] epoch 1 batch 13400/39760 loss=3.3757
[SLM] epoch 1 batch 13425/39760 loss=3.1839
[SLM] epoch 1 batch 13450/39760 loss=3.4637
[SLM] epoch 1 batch 13475/39760 loss=5.0474
[SLM] epoch 1 batch 13500/39760 loss=10.1213
[SLM] epoch 1 batch 13525/39760 loss=5.2689
[SLM] epoch 1 batch 13550/39760 loss=3.3926
[SLM] epoch 1 batch 13575/39760 loss=8.8658
[SLM] epoch 1 batch 13600/39760 loss=6.2886
[SLM] epoch 1 batch 13625/39760 loss=3.5195
[SLM] epoch 1 batch 13650/39760 loss=4.8208
[SLM] epoch 1 batch 13675/39760 loss=3.0613
[SLM] epoch 1 batch 13700/39760 loss=8.7740
[SLM] epoch 1 batch 13725/39760 loss=14.9943
[SLM] epoch 1 batch 13750/39760 loss=5.6061
[SLM] epoch 1 batch 13775/39760 loss=3.8696
[SLM] epoch 1 batch 13800/39760 loss=3.7994
[SLM] epoch 1 batch 13825/39760 loss=3.5396
[SLM] epoch 1 batch 13850/39760 loss=3.9918
[SLM] epoch 1 batch 13875/39760 loss=3.6795
[SLM] epoch 1 batch 13900/39760 loss=3.4783
[SLM] epoch 1 batch 13925/39760 loss=3.4250
[SLM] epoch 1 batch 13950/39760 loss=3.5792
[SLM] epoch 1 batch 13975/39760 loss=3.3942
[SLM] epoch 1 batch 14000/39760 loss=7.2640
[SLM] epoch 1 batch 14025/39760 loss=8.0040
[SLM] epoch 1 batch 14050/39760 loss=3.7891
[SLM] epoch 1 batch 14075/39760 loss=3.4529
[SLM] epoch 1 batch 14100/39760 loss=3.9197
[SLM] epoch 1 batch 14125/39760 loss=3.7477
[SLM] epoch 1 batch 14150/39760 loss=3.5945
[SLM] epoch 1 batch 14175/39760 loss=4.9671
[SLM] epoch 1 batch 14200/39760 loss=8.3054
[SLM] epoch 1 batch 14225/39760 loss=7.0950
[SLM] epoch 1 batch 14250/39760 loss=3.6813
[SLM] epoch 1 batch 14275/39760 loss=7.3401
[SLM] epoch 1 batch 14300/39760 loss=7.5242
[SLM] epoch 1 batch 14325/39760 loss=4.1891
[SLM] epoch 1 batch 14350/39760 loss=7.4661
[SLM] epoch 1 batch 14375/39760 loss=3.8378
[SLM] epoch 1 batch 14400/39760 loss=3.6745
[SLM] epoch 1 batch 14425/39760 loss=4.1456
[SLM] epoch 1 batch 14450/39760 loss=9.0652
[SLM] epoch 1 batch 14475/39760 loss=3.9797
[SLM] epoch 1 batch 14500/39760 loss=14.3985
[SLM] epoch 1 batch 14525/39760 loss=7.5578
[SLM] epoch 1 batch 14550/39760 loss=3.5286
[SLM] epoch 1 batch 14575/39760 loss=4.9895
[SLM] epoch 1 batch 14600/39760 loss=8.8426
[SLM] epoch 1 batch 14625/39760 loss=17.9002
[SLM] epoch 1 batch 14650/39760 loss=3.8206
[SLM] epoch 1 batch 14675/39760 loss=4.1020
[SLM] epoch 1 batch 14700/39760 loss=8.3241
[SLM] epoch 1 batch 14725/39760 loss=3.4915
[SLM] epoch 1 batch 14750/39760 loss=3.2939
[SLM] epoch 1 batch 14775/39760 loss=17.6061
[SLM] epoch 1 batch 14800/39760 loss=6.8427
[SLM] epoch 1 batch 14825/39760 loss=3.0059
[SLM] epoch 1 batch 14850/39760 loss=4.6764
[SLM] epoch 1 batch 14875/39760 loss=23.1201
[SLM] epoch 1 batch 14900/39760 loss=4.3837
[SLM] epoch 1 batch 14925/39760 loss=3.5026
[SLM] epoch 1 batch 14950/39760 loss=7.6382
[SLM] epoch 1 batch 14975/39760 loss=2.7612
[SLM] epoch 1 batch 15000/39760 loss=3.7946
[SLM] epoch 1 batch 15025/39760 loss=6.7987
[SLM] epoch 1 batch 15050/39760 loss=8.4691
[SLM] epoch 1 batch 15075/39760 loss=3.6227
[SLM] epoch 1 batch 15100/39760 loss=3.4177
[SLM] epoch 1 batch 15125/39760 loss=14.3777
[SLM] epoch 1 batch 15150/39760 loss=6.9993
[SLM] epoch 1 batch 15175/39760 loss=4.2227
[SLM] epoch 1 batch 15200/39760 loss=4.6902
[SLM] epoch 1 batch 15225/39760 loss=3.6562
[SLM] epoch 1 batch 15250/39760 loss=4.7214
[SLM] epoch 1 batch 15275/39760 loss=3.4884
[SLM] epoch 1 batch 15300/39760 loss=4.3537
[SLM] epoch 1 batch 15325/39760 loss=2.9227
[SLM] epoch 1 batch 15350/39760 loss=3.4399
[SLM] epoch 1 batch 15375/39760 loss=3.9182
[SLM] epoch 1 batch 15400/39760 loss=3.6131
[SLM] epoch 1 batch 15425/39760 loss=4.9690
[SLM] epoch 1 batch 15450/39760 loss=3.3989
[SLM] epoch 1 batch 15475/39760 loss=4.8230
[SLM] epoch 1 batch 15500/39760 loss=6.6647
[SLM] epoch 1 batch 15525/39760 loss=4.7410
[SLM] epoch 1 batch 15550/39760 loss=3.3621
[SLM] epoch 1 batch 15575/39760 loss=4.5522
[SLM] epoch 1 batch 15600/39760 loss=3.9415
[SLM] epoch 1 batch 15625/39760 loss=3.2198
[SLM] epoch 1 batch 15650/39760 loss=24.9428
[SLM] epoch 1 batch 15675/39760 loss=2.9225
[SLM] epoch 1 batch 15700/39760 loss=3.2057
[SLM] epoch 1 batch 15725/39760 loss=3.5406
[SLM] epoch 1 batch 15750/39760 loss=3.0020
[SLM] epoch 1 batch 15775/39760 loss=4.9727
[SLM] epoch 1 batch 15800/39760 loss=3.5779
[SLM] epoch 1 batch 15825/39760 loss=7.2442
[SLM] epoch 1 batch 15850/39760 loss=3.6020
[SLM] epoch 1 batch 15875/39760 loss=4.7050
[SLM] epoch 1 batch 15900/39760 loss=3.5903
[SLM] epoch 1 batch 15925/39760 loss=17.9200
[SLM] epoch 1 batch 15950/39760 loss=4.1632
[SLM] epoch 1 batch 15975/39760 loss=4.0558
[SLM] epoch 1 batch 16000/39760 loss=3.2241
[SLM] epoch 1 batch 16025/39760 loss=4.4921
[SLM] epoch 1 batch 16050/39760 loss=8.0823
[SLM] epoch 1 batch 16075/39760 loss=4.0971
[SLM] epoch 1 batch 16100/39760 loss=6.1440
[SLM] epoch 1 batch 16125/39760 loss=22.2020
[SLM] epoch 1 batch 16150/39760 loss=3.6035
[SLM] epoch 1 batch 16175/39760 loss=3.6421
[SLM] epoch 1 batch 16200/39760 loss=12.5027
[SLM] epoch 1 batch 16225/39760 loss=5.3605
[SLM] epoch 1 batch 16250/39760 loss=3.5301
[SLM] epoch 1 batch 16275/39760 loss=3.2609
[SLM] epoch 1 batch 16300/39760 loss=3.2631
[SLM] epoch 1 batch 16325/39760 loss=3.3776
[SLM] epoch 1 batch 16350/39760 loss=3.9772
[SLM] epoch 1 batch 16375/39760 loss=3.4465
[SLM] epoch 1 batch 16400/39760 loss=7.4517
[SLM] epoch 1 batch 16425/39760 loss=4.2126
[SLM] epoch 1 batch 16450/39760 loss=7.0344
[SLM] epoch 1 batch 16475/39760 loss=4.0088
[SLM] epoch 1 batch 16500/39760 loss=3.4736
[SLM] epoch 1 batch 16525/39760 loss=3.0682
[SLM] epoch 1 batch 16550/39760 loss=22.8198
[SLM] epoch 1 batch 16575/39760 loss=3.6037
[SLM] epoch 1 batch 16600/39760 loss=4.7254
[SLM] epoch 1 batch 16625/39760 loss=4.2219
[SLM] epoch 1 batch 16650/39760 loss=3.4380
[SLM] epoch 1 batch 16675/39760 loss=6.9664
[SLM] epoch 1 batch 16700/39760 loss=3.4756
[SLM] epoch 1 batch 16725/39760 loss=4.8526
[SLM] epoch 1 batch 16750/39760 loss=3.3724
[SLM] epoch 1 batch 16775/39760 loss=6.1762
[SLM] epoch 1 batch 16800/39760 loss=6.5677
[SLM] epoch 1 batch 16825/39760 loss=19.7084
[SLM] epoch 1 batch 16850/39760 loss=3.4672
[SLM] epoch 1 batch 16875/39760 loss=3.5566
[SLM] epoch 1 batch 16900/39760 loss=4.2144
[SLM] epoch 1 batch 16925/39760 loss=3.5945
[SLM] epoch 1 batch 16950/39760 loss=3.5027
[SLM] epoch 1 batch 16975/39760 loss=3.9142
[SLM] epoch 1 batch 17000/39760 loss=4.1087
[SLM] epoch 1 batch 17025/39760 loss=3.8214
[SLM] epoch 1 batch 17050/39760 loss=2.9002
[SLM] epoch 1 batch 17075/39760 loss=3.1192
[SLM] epoch 1 batch 17100/39760 loss=3.8371
[SLM] epoch 1 batch 17125/39760 loss=3.5203
[SLM] epoch 1 batch 17150/39760 loss=4.0278
[SLM] epoch 1 batch 17175/39760 loss=6.2428
[SLM] epoch 1 batch 17200/39760 loss=2.8722
[SLM] epoch 1 batch 17225/39760 loss=5.1773
[SLM] epoch 1 batch 17250/39760 loss=3.0194
[SLM] epoch 1 batch 17275/39760 loss=7.2432
[SLM] epoch 1 batch 17300/39760 loss=3.8251
[SLM] epoch 1 batch 17325/39760 loss=8.0574
[SLM] epoch 1 batch 17350/39760 loss=6.0198
[SLM] epoch 1 batch 17375/39760 loss=4.7529
[SLM] epoch 1 batch 17400/39760 loss=3.5516
[SLM] epoch 1 batch 17425/39760 loss=3.2558
[SLM] epoch 1 batch 17450/39760 loss=3.5532
[SLM] epoch 1 batch 17475/39760 loss=9.4622
[SLM] epoch 1 batch 17500/39760 loss=5.0327
[SLM] epoch 1 batch 17525/39760 loss=18.3274
[SLM] epoch 1 batch 17550/39760 loss=3.5550
[SLM] epoch 1 batch 17575/39760 loss=3.2526
[SLM] epoch 1 batch 17600/39760 loss=7.5446
[SLM] epoch 1 batch 17625/39760 loss=3.1428
[SLM] epoch 1 batch 17650/39760 loss=3.5081
[SLM] epoch 1 batch 17675/39760 loss=14.5376
[SLM] epoch 1 batch 17700/39760 loss=7.4164
[SLM] epoch 1 batch 17725/39760 loss=15.8360
[SLM] epoch 1 batch 17750/39760 loss=4.3645
[SLM] epoch 1 batch 17775/39760 loss=3.6571
[SLM] epoch 1 batch 17800/39760 loss=3.4836
[SLM] epoch 1 batch 17825/39760 loss=3.4613
[SLM] epoch 1 batch 17850/39760 loss=3.8641
[SLM] epoch 1 batch 17875/39760 loss=15.2441
[SLM] epoch 1 batch 17900/39760 loss=11.1163
[SLM] epoch 1 batch 17925/39760 loss=3.9267
[SLM] epoch 1 batch 17950/39760 loss=2.9034
[SLM] epoch 1 batch 17975/39760 loss=8.2702
[SLM] epoch 1 batch 18000/39760 loss=3.6142
[SLM] epoch 1 batch 18025/39760 loss=3.8459
[SLM] epoch 1 batch 18050/39760 loss=4.3866
[SLM] epoch 1 batch 18075/39760 loss=3.4988
[SLM] epoch 1 batch 18100/39760 loss=3.9939
[SLM] epoch 1 batch 18125/39760 loss=6.3851
[SLM] epoch 1 batch 18150/39760 loss=7.0303
[SLM] epoch 1 batch 18175/39760 loss=6.4547
[SLM] epoch 1 batch 18200/39760 loss=10.0468
[SLM] epoch 1 batch 18225/39760 loss=3.4762
[SLM] epoch 1 batch 18250/39760 loss=6.0122
[SLM] epoch 1 batch 18275/39760 loss=3.2151
[SLM] epoch 1 batch 18300/39760 loss=22.4348
[SLM] epoch 1 batch 18325/39760 loss=4.3709
[SLM] epoch 1 batch 18350/39760 loss=3.9925
[SLM] epoch 1 batch 18375/39760 loss=3.0807
[SLM] epoch 1 batch 18400/39760 loss=3.2033
[SLM] epoch 1 batch 18425/39760 loss=3.8107
[SLM] epoch 1 batch 18450/39760 loss=7.8962
[SLM] epoch 1 batch 18475/39760 loss=3.5573
[SLM] epoch 1 batch 18500/39760 loss=4.2149
[SLM] epoch 1 batch 18525/39760 loss=7.1585
[SLM] epoch 1 batch 18550/39760 loss=6.9460
[SLM] epoch 1 batch 18575/39760 loss=6.4374
[SLM] epoch 1 batch 18600/39760 loss=3.7758
[SLM] epoch 1 batch 18625/39760 loss=3.5583
[SLM] epoch 1 batch 18650/39760 loss=3.6335
[SLM] epoch 1 batch 18675/39760 loss=3.4174
[SLM] epoch 1 batch 18700/39760 loss=6.0147
[SLM] epoch 1 batch 18725/39760 loss=20.6820
[SLM] epoch 1 batch 18750/39760 loss=4.0249
[SLM] epoch 1 batch 18775/39760 loss=3.7805
[SLM] epoch 1 batch 18800/39760 loss=15.8856
[SLM] epoch 1 batch 18825/39760 loss=3.1212
[SLM] epoch 1 batch 18850/39760 loss=13.7567
[SLM] epoch 1 batch 18875/39760 loss=3.2714
[SLM] epoch 1 batch 18900/39760 loss=3.5361
[SLM] epoch 1 batch 18925/39760 loss=2.8890
[SLM] epoch 1 batch 18950/39760 loss=4.3240
[SLM] epoch 1 batch 18975/39760 loss=4.9884
[SLM] epoch 1 batch 19000/39760 loss=2.9989
[SLM] epoch 1 batch 19025/39760 loss=3.3546
[SLM] epoch 1 batch 19050/39760 loss=4.3745
[SLM] epoch 1 batch 19075/39760 loss=3.3104
[SLM] epoch 1 batch 19100/39760 loss=24.2664
[SLM] epoch 1 batch 19125/39760 loss=3.6579
[SLM] epoch 1 batch 19150/39760 loss=3.8202
[SLM] epoch 1 batch 19175/39760 loss=4.5293
[SLM] epoch 1 batch 19200/39760 loss=6.3346
[SLM] epoch 1 batch 19225/39760 loss=5.3009
[SLM] epoch 1 batch 19250/39760 loss=4.9016
[SLM] epoch 1 batch 19275/39760 loss=9.9228
[SLM] epoch 1 batch 19300/39760 loss=3.2598
[SLM] epoch 1 batch 19325/39760 loss=3.5074
[SLM] epoch 1 batch 19350/39760 loss=3.5577
[SLM] epoch 1 batch 19375/39760 loss=4.0369
[SLM] epoch 1 batch 19400/39760 loss=3.6051
[SLM] epoch 1 batch 19425/39760 loss=7.6142
[SLM] epoch 1 batch 19450/39760 loss=7.8299
[SLM] epoch 1 batch 19475/39760 loss=16.1090
[SLM] epoch 1 batch 19500/39760 loss=22.8605
[SLM] epoch 1 batch 19525/39760 loss=3.4888
[SLM] epoch 1 batch 19550/39760 loss=3.1391
[SLM] epoch 1 batch 19575/39760 loss=3.3251
[SLM] epoch 1 batch 19600/39760 loss=6.3943
[SLM] epoch 1 batch 19625/39760 loss=6.4445
[SLM] epoch 1 batch 19650/39760 loss=4.0870
[SLM] epoch 1 batch 19675/39760 loss=3.5116
[SLM] epoch 1 batch 19700/39760 loss=7.2358
[SLM] epoch 1 batch 19725/39760 loss=3.1796
[SLM] epoch 1 batch 19750/39760 loss=2.8522
[SLM] epoch 1 batch 19775/39760 loss=3.4308
[SLM] epoch 1 batch 19800/39760 loss=7.3846
[SLM] epoch 1 batch 19825/39760 loss=4.0069
[SLM] epoch 1 batch 19850/39760 loss=3.3800
[SLM] epoch 1 batch 19875/39760 loss=9.7569
[SLM] epoch 1 batch 19900/39760 loss=4.6137
[SLM] epoch 1 batch 19925/39760 loss=6.5058
[SLM] epoch 1 batch 19950/39760 loss=3.1049
[SLM] epoch 1 batch 19975/39760 loss=3.6223
[SLM] epoch 1 batch 20000/39760 loss=3.6880
[SLM] epoch 1 batch 20025/39760 loss=3.9212
[SLM] epoch 1 batch 20050/39760 loss=5.6551
[SLM] epoch 1 batch 20075/39760 loss=5.7855
[SLM] epoch 1 batch 20100/39760 loss=6.2417
[SLM] epoch 1 batch 20125/39760 loss=3.1351
[SLM] epoch 1 batch 20150/39760 loss=3.0519
[SLM] epoch 1 batch 20175/39760 loss=6.6664
[SLM] epoch 1 batch 20200/39760 loss=3.7359
[SLM] epoch 1 batch 20225/39760 loss=6.5287
[SLM] epoch 1 batch 20250/39760 loss=3.5668
[SLM] epoch 1 batch 20275/39760 loss=7.6084
[SLM] epoch 1 batch 20300/39760 loss=3.5713
[SLM] epoch 1 batch 20325/39760 loss=4.7849
[SLM] epoch 1 batch 20350/39760 loss=7.0093
[SLM] epoch 1 batch 20375/39760 loss=15.2646
[SLM] epoch 1 batch 20400/39760 loss=2.6130
[SLM] epoch 1 batch 20425/39760 loss=3.7721
[SLM] epoch 1 batch 20450/39760 loss=6.3499
[SLM] epoch 1 batch 20475/39760 loss=10.0423
[SLM] epoch 1 batch 20500/39760 loss=4.1909
[SLM] epoch 1 batch 20525/39760 loss=3.0190
[SLM] epoch 1 batch 20550/39760 loss=4.6982
[SLM] epoch 1 batch 20575/39760 loss=2.7168
[SLM] epoch 1 batch 20600/39760 loss=3.0997
[SLM] epoch 1 batch 20625/39760 loss=6.9573
[SLM] epoch 1 batch 20650/39760 loss=2.9156
[SLM] epoch 1 batch 20675/39760 loss=3.1562
[SLM] epoch 1 batch 20700/39760 loss=3.6877
[SLM] epoch 1 batch 20725/39760 loss=3.6302
[SLM] epoch 1 batch 20750/39760 loss=3.5501
[SLM] epoch 1 batch 20775/39760 loss=3.5037
[SLM] epoch 1 batch 20800/39760 loss=2.9624
[SLM] epoch 1 batch 20825/39760 loss=4.3380
[SLM] epoch 1 batch 20850/39760 loss=4.0844
[SLM] epoch 1 batch 20875/39760 loss=7.4754
[SLM] epoch 1 batch 20900/39760 loss=3.7086
[SLM] epoch 1 batch 20925/39760 loss=2.9573
[SLM] epoch 1 batch 20950/39760 loss=2.7393
[SLM] epoch 1 batch 20975/39760 loss=3.3841
[SLM] epoch 1 batch 21000/39760 loss=6.2646
[SLM] epoch 1 batch 21025/39760 loss=3.2317
[SLM] epoch 1 batch 21050/39760 loss=4.0675
[SLM] epoch 1 batch 21075/39760 loss=7.2561
[SLM] epoch 1 batch 21100/39760 loss=3.7380
[SLM] epoch 1 batch 21125/39760 loss=7.8129
[SLM] epoch 1 batch 21150/39760 loss=7.2658
[SLM] epoch 1 batch 21175/39760 loss=3.9345
[SLM] epoch 1 batch 21200/39760 loss=5.3890
[SLM] epoch 1 batch 21225/39760 loss=4.5309
[SLM] epoch 1 batch 21250/39760 loss=3.2104
[SLM] epoch 1 batch 21275/39760 loss=3.4045
[SLM] epoch 1 batch 21300/39760 loss=2.8989
[SLM] epoch 1 batch 21325/39760 loss=3.0513
[SLM] epoch 1 batch 21350/39760 loss=4.8036
[SLM] epoch 1 batch 21375/39760 loss=7.1235
[SLM] epoch 1 batch 21400/39760 loss=7.5684
[SLM] epoch 1 batch 21425/39760 loss=3.1969
[SLM] epoch 1 batch 21450/39760 loss=3.8060
[SLM] epoch 1 batch 21475/39760 loss=6.3156
[SLM] epoch 1 batch 21500/39760 loss=3.8661
[SLM] epoch 1 batch 21525/39760 loss=2.9405
[SLM] epoch 1 batch 21550/39760 loss=3.5392
[SLM] epoch 1 batch 21575/39760 loss=2.6327
[SLM] epoch 1 batch 21600/39760 loss=8.9234
[SLM] epoch 1 batch 21625/39760 loss=3.2333
[SLM] epoch 1 batch 21650/39760 loss=4.6703
[SLM] epoch 1 batch 21675/39760 loss=3.1845
[SLM] epoch 1 batch 21700/39760 loss=3.2373
[SLM] epoch 1 batch 21725/39760 loss=3.2916
[SLM] epoch 1 batch 21750/39760 loss=3.3658
[SLM] epoch 1 batch 21775/39760 loss=3.1794
[SLM] epoch 1 batch 21800/39760 loss=6.5645
[SLM] epoch 1 batch 21825/39760 loss=3.8492
[SLM] epoch 1 batch 21850/39760 loss=2.6431
[SLM] epoch 1 batch 21875/39760 loss=3.9086
[SLM] epoch 1 batch 21900/39760 loss=7.8474
[SLM] epoch 1 batch 21925/39760 loss=3.5057
[SLM] epoch 1 batch 21950/39760 loss=2.9004
[SLM] epoch 1 batch 21975/39760 loss=4.4166
[SLM] epoch 1 batch 22000/39760 loss=7.9543
[SLM] epoch 1 batch 22025/39760 loss=3.0247
[SLM] epoch 1 batch 22050/39760 loss=2.7135
[SLM] epoch 1 batch 22075/39760 loss=4.9011
[SLM] epoch 1 batch 22100/39760 loss=3.8377
[SLM] epoch 1 batch 22125/39760 loss=4.3824
[SLM] epoch 1 batch 22150/39760 loss=2.8765
[SLM] epoch 1 batch 22175/39760 loss=2.9964
[SLM] epoch 1 batch 22200/39760 loss=8.5837
[SLM] epoch 1 batch 22225/39760 loss=3.0857
[SLM] epoch 1 batch 22250/39760 loss=3.0476
[SLM] epoch 1 batch 22275/39760 loss=10.6652
[SLM] epoch 1 batch 22300/39760 loss=4.2601
[SLM] epoch 1 batch 22325/39760 loss=3.1913
[SLM] epoch 1 batch 22350/39760 loss=2.9108
[SLM] epoch 1 batch 22375/39760 loss=3.1941
[SLM] epoch 1 batch 22400/39760 loss=4.3481
[SLM] epoch 1 batch 22425/39760 loss=5.7896
[SLM] epoch 1 batch 22450/39760 loss=3.2196
[SLM] epoch 1 batch 22475/39760 loss=3.3461
[SLM] epoch 1 batch 22500/39760 loss=3.7559
[SLM] epoch 1 batch 22525/39760 loss=3.4764
[SLM] epoch 1 batch 22550/39760 loss=3.2380
[SLM] epoch 1 batch 22575/39760 loss=8.4459
[SLM] epoch 1 batch 22600/39760 loss=2.9133
[SLM] epoch 1 batch 22625/39760 loss=3.7338
[SLM] epoch 1 batch 22650/39760 loss=3.3789
[SLM] epoch 1 batch 22675/39760 loss=5.7568
[SLM] epoch 1 batch 22700/39760 loss=3.3738
[SLM] epoch 1 batch 22725/39760 loss=6.1095
[SLM] epoch 1 batch 22750/39760 loss=9.2222
[SLM] epoch 1 batch 22775/39760 loss=3.6220
[SLM] epoch 1 batch 22800/39760 loss=4.1482
[SLM] epoch 1 batch 22825/39760 loss=3.1439
[SLM] epoch 1 batch 22850/39760 loss=2.9028
[SLM] epoch 1 batch 22875/39760 loss=3.7375
[SLM] epoch 1 batch 22900/39760 loss=3.1768
[SLM] epoch 1 batch 22925/39760 loss=3.7896
[SLM] epoch 1 batch 22950/39760 loss=3.9214
[SLM] epoch 1 batch 22975/39760 loss=4.3551
[SLM] epoch 1 batch 23000/39760 loss=3.9882
[SLM] epoch 1 batch 23025/39760 loss=3.4876
[SLM] epoch 1 batch 23050/39760 loss=2.4790
[SLM] epoch 1 batch 23075/39760 loss=2.8373
[SLM] epoch 1 batch 23100/39760 loss=4.3061
[SLM] epoch 1 batch 23125/39760 loss=16.9949
[SLM] epoch 1 batch 23150/39760 loss=3.6100
[SLM] epoch 1 batch 23175/39760 loss=3.4968
[SLM] epoch 1 batch 23200/39760 loss=3.0028
[SLM] epoch 1 batch 23225/39760 loss=3.6084
[SLM] epoch 1 batch 23250/39760 loss=3.2532
[SLM] epoch 1 batch 23275/39760 loss=2.6266
[SLM] epoch 1 batch 23300/39760 loss=7.9931
/Users/ravindrasingh/anaconda3/lib/python3.11/multiprocessing/resource_tracker.py:224: UserWarning: resource_tracker: There appear to be 1 leaked semaphore objects to clean up at shutdown
  warnings.warn('resource_tracker: There appear to be %d '
